2017-09-11 21:53:34: File Monitoring not available on: mtp://UUI/Storage/curso2.0/www
2017-09-11 21:53:34: On File Change Monitoring started on file:///C:/Users/Walter Omar/Desktop/android/curso2.0/www
2017-09-11 21:53:34: -- Análisis iniciado por On File Change First Full Analyze Upon File Monitoring Start
2017-09-11 21:53:40: /index.html: R:Body<>; Conflicto: Archivo Modificado en ambos lados
2017-09-11 21:53:40: /js/base-inicio.js: R:Body<>; Conflicto: Archivo Modificado en ambos lados
2017-09-11 21:53:40: /js/my-app-text.js: R:Body<>; Conflicto: Archivo Modificado en ambos lados
2017-09-11 21:53:40: Análisis completado con Conflictos. Resuelva los Conflictos seleccionando la dirección de sincronización adecuada y luego haga clic para sincronizar
2017-09-11 21:53:40: Cambios: 217, Conflictos: 3, CopiaFecha: 0, CopiaEstado: 0, Errores: 0, All: 330
2017-09-11 21:53:40: Left to Right: Copy File: 7 
2017-09-11 21:53:40: Right to Left: Copy File: 207 
2017-09-11 21:53:40: == Sinc comenzada por On File Change First Full Analyze Upon File Monitoring Start
2017-09-11 21:53:41: 65% (217 / 329) archivos cambiados (excluyendo renombrados), superan el umbral de 50%. Por tanto la tarea no se sincronizará automáticamente.
2017-09-11 21:53:41: 
2017-09-11 21:57:14: === User Changed Action from 'CONFLICT' to 'COPY_FILE_LTOR' on item /index.html
2017-09-11 21:57:15: Done.
2017-09-11 21:57:18: === User Changed Action from 'CONFLICT' to 'COPY_FILE_LTOR' on item /js/base-inicio.js
2017-09-11 21:57:18: Done.
2017-09-11 21:57:19: === User Changed Action from 'CONFLICT' to 'COPY_FILE_LTOR' on item /js/my-app-text.js
2017-09-11 21:57:19: Done.
2017-09-11 21:57:30: == Sinc comenzada por User Command
2017-09-11 21:57:31: Crear Carpeta 'mtp://UUI/Storage/curso2.0/www/lib/ckeditor'
2017-09-11 21:57:31: Crear Carpeta 'mtp://UUI/Storage/curso2.0/www/lib/ckeditor/adapters'
2017-09-11 21:57:31: Crear Carpeta 'mtp://UUI/Storage/curso2.0/www/lib/ckeditor/lang'
2017-09-11 21:57:31: Crear Carpeta 'mtp://UUI/Storage/curso2.0/www/lib/ckeditor/plugins'
2017-09-11 21:57:31: Crear Carpeta 'mtp://UUI/Storage/curso2.0/www/lib/ckeditor/plugins/about'
2017-09-11 21:57:31: Crear Carpeta 'mtp://UUI/Storage/curso2.0/www/lib/ckeditor/plugins/about/dialogs'
2017-09-11 21:57:31: Crear Carpeta 'mtp://UUI/Storage/curso2.0/www/lib/ckeditor/plugins/about/dialogs/hidpi'
2017-09-11 21:57:31: Crear Carpeta 'mtp://UUI/Storage/curso2.0/www/lib/ckeditor/plugins/dialog'
2017-09-11 21:57:31: Crear Carpeta 'mtp://UUI/Storage/curso2.0/www/lib/ckeditor/plugins/link'
2017-09-11 21:57:31: Crear Carpeta 'mtp://UUI/Storage/curso2.0/www/lib/ckeditor/plugins/link/dialogs'
2017-09-11 21:57:32: Crear Carpeta 'mtp://UUI/Storage/curso2.0/www/lib/ckeditor/plugins/link/images'
2017-09-11 21:57:32: Crear Carpeta 'mtp://UUI/Storage/curso2.0/www/lib/ckeditor/plugins/link/images/hidpi'
2017-09-11 21:57:32: Crear Carpeta 'mtp://UUI/Storage/curso2.0/www/lib/ckeditor/samples'
2017-09-11 21:57:32: Crear Carpeta 'mtp://UUI/Storage/curso2.0/www/lib/ckeditor/samples/css'
2017-09-11 21:57:32: Crear Carpeta 'mtp://UUI/Storage/curso2.0/www/lib/ckeditor/samples/img'
2017-09-11 21:57:32: Crear Carpeta 'mtp://UUI/Storage/curso2.0/www/lib/ckeditor/samples/js'
2017-09-11 21:57:32: Crear Carpeta 'mtp://UUI/Storage/curso2.0/www/lib/ckeditor/samples/old'
2017-09-11 21:57:33: Crear Carpeta 'mtp://UUI/Storage/curso2.0/www/lib/ckeditor/samples/old/assets'
2017-09-11 21:57:33: Crear Carpeta 'mtp://UUI/Storage/curso2.0/www/lib/ckeditor/samples/old/assets/inlineall'
2017-09-11 21:57:33: Crear Carpeta 'mtp://UUI/Storage/curso2.0/www/lib/ckeditor/samples/old/assets/outputxhtml'
2017-09-11 21:57:33: Crear Carpeta 'mtp://UUI/Storage/curso2.0/www/lib/ckeditor/samples/old/assets/uilanguages'
2017-09-11 21:57:33: Crear Carpeta 'mtp://UUI/Storage/curso2.0/www/lib/ckeditor/samples/old/dialog'
2017-09-11 21:57:33: Crear Carpeta 'mtp://UUI/Storage/curso2.0/www/lib/ckeditor/samples/old/dialog/assets'
2017-09-11 21:57:33: Crear Carpeta 'mtp://UUI/Storage/curso2.0/www/lib/ckeditor/samples/old/enterkey'
2017-09-11 21:57:33: Crear Carpeta 'mtp://UUI/Storage/curso2.0/www/lib/ckeditor/samples/old/toolbar'
2017-09-11 21:57:33: Crear Carpeta 'mtp://UUI/Storage/curso2.0/www/lib/ckeditor/samples/old/wysiwygarea'
2017-09-11 21:57:34: Crear Carpeta 'mtp://UUI/Storage/curso2.0/www/lib/ckeditor/samples/toolbarconfigurator'
2017-09-11 21:57:34: Crear Carpeta 'mtp://UUI/Storage/curso2.0/www/lib/ckeditor/samples/toolbarconfigurator/css'
2017-09-11 21:57:34: Crear Carpeta 'mtp://UUI/Storage/curso2.0/www/lib/ckeditor/samples/toolbarconfigurator/font'
2017-09-11 21:57:34: Crear Carpeta 'mtp://UUI/Storage/curso2.0/www/lib/ckeditor/samples/toolbarconfigurator/js'
2017-09-11 21:57:34: Crear Carpeta 'mtp://UUI/Storage/curso2.0/www/lib/ckeditor/samples/toolbarconfigurator/lib'
2017-09-11 21:57:34: Crear Carpeta 'mtp://UUI/Storage/curso2.0/www/lib/ckeditor/samples/toolbarconfigurator/lib/codemirror'
2017-09-11 21:57:34: Crear Carpeta 'mtp://UUI/Storage/curso2.0/www/lib/ckeditor/skins'
2017-09-11 21:57:34: Crear Carpeta 'mtp://UUI/Storage/curso2.0/www/lib/ckeditor/skins/moono-lisa'
2017-09-11 21:57:34: Crear Carpeta 'mtp://UUI/Storage/curso2.0/www/lib/ckeditor/skins/moono-lisa/images'
2017-09-11 21:57:34: Crear Carpeta 'mtp://UUI/Storage/curso2.0/www/lib/ckeditor/skins/moono-lisa/images/hidpi'
2017-09-11 21:57:35: Copiar Nueva 'C:/Users/Walter Omar/Desktop/android/curso2.0/www/css/samples.css' -> 'mtp://UUI/Storage/curso2.0/www/css/samples.css'
2017-09-11 21:57:35: Copiar Sobre 'mtp://UUI/Storage/curso2.0/www/css/styles.css' -> 'C:/Users/Walter Omar/Desktop/android/curso2.0/www/css/styles.css'
2017-09-11 21:57:36: Copiar Sobre 'mtp://UUI/Storage/curso2.0/www/funciones.php' -> 'C:/Users/Walter Omar/Desktop/android/curso2.0/www/funciones.php'
2017-09-11 21:57:36: Copiar Sobre 'mtp://UUI/Storage/curso2.0/www/include/base-curso-detalle-cronograma.html' -> 'C:/Users/Walter Omar/Desktop/android/curso2.0/www/include/base-curso-detalle-cronograma.html'
2017-09-11 21:57:37: Copiar Sobre 'mtp://UUI/Storage/curso2.0/www/include/base-curso-detalle-tareasdet.html' -> 'C:/Users/Walter Omar/Desktop/android/curso2.0/www/include/base-curso-detalle-tareasdet.html'
2017-09-11 21:57:38: Copiar Nueva 'mtp://UUI/Storage/curso2.0/www/include/base-curso-detalle-temas.html' -> 'C:/Users/Walter Omar/Desktop/android/curso2.0/www/include/base-curso-detalle-temas.html'
2017-09-11 21:57:39: Copiar Nueva 'mtp://UUI/Storage/curso2.0/www/include/base-curso-detalle-temasdet.html' -> 'C:/Users/Walter Omar/Desktop/android/curso2.0/www/include/base-curso-detalle-temasdet.html'
2017-09-11 21:57:40: Copiar Sobre 'mtp://UUI/Storage/curso2.0/www/include/base-curso-detalle.html' -> 'C:/Users/Walter Omar/Desktop/android/curso2.0/www/include/base-curso-detalle.html'
2017-09-11 21:57:43: Copiar Sobre 'C:/Users/Walter Omar/Desktop/android/curso2.0/www/include/base-inicio-perfil.html' -> 'mtp://UUI/Storage/curso2.0/www/include/base-inicio-perfil.html'
2017-09-11 21:57:43: Copiar Sobre 'mtp://UUI/Storage/curso2.0/www/index.html' -> 'C:/Users/Walter Omar/Desktop/android/curso2.0/www/index.html' (User Action)
2017-09-11 21:57:44: Copiar Sobre 'mtp://UUI/Storage/curso2.0/www/js/base-inicio.js' -> 'C:/Users/Walter Omar/Desktop/android/curso2.0/www/js/base-inicio.js' (User Action)
2017-09-11 21:57:45: Copiar Sobre 'mtp://UUI/Storage/curso2.0/www/js/my-app-text.js' -> 'C:/Users/Walter Omar/Desktop/android/curso2.0/www/js/my-app-text.js' (User Action)
2017-09-11 21:57:46: Copiar Nueva 'C:/Users/Walter Omar/Desktop/android/curso2.0/www/lib/ckeditor/adapters/jquery.js' -> 'mtp://UUI/Storage/curso2.0/www/lib/ckeditor/adapters/jquery.js'
2017-09-11 21:57:46: Copiar Nueva 'C:/Users/Walter Omar/Desktop/android/curso2.0/www/lib/ckeditor/build-config.js' -> 'mtp://UUI/Storage/curso2.0/www/lib/ckeditor/build-config.js'
2017-09-11 21:57:47: Copiar Nueva 'C:/Users/Walter Omar/Desktop/android/curso2.0/www/lib/ckeditor/CHANGES.md' -> 'mtp://UUI/Storage/curso2.0/www/lib/ckeditor/CHANGES.md'
2017-09-11 21:57:47: Copiar Nueva 'C:/Users/Walter Omar/Desktop/android/curso2.0/www/lib/ckeditor/ckeditor.js' -> 'mtp://UUI/Storage/curso2.0/www/lib/ckeditor/ckeditor.js'
2017-09-11 21:57:48: Copiar Nueva 'C:/Users/Walter Omar/Desktop/android/curso2.0/www/lib/ckeditor/config.js' -> 'mtp://UUI/Storage/curso2.0/www/lib/ckeditor/config.js'
2017-09-11 21:57:49: Copiar Nueva 'C:/Users/Walter Omar/Desktop/android/curso2.0/www/lib/ckeditor/contents.css' -> 'mtp://UUI/Storage/curso2.0/www/lib/ckeditor/contents.css'
2017-09-11 21:57:50: Copiar Nueva 'C:/Users/Walter Omar/Desktop/android/curso2.0/www/lib/ckeditor/lang/af.js' -> 'mtp://UUI/Storage/curso2.0/www/lib/ckeditor/lang/af.js'
2017-09-11 21:57:50: Copiar Nueva 'C:/Users/Walter Omar/Desktop/android/curso2.0/www/lib/ckeditor/lang/ar.js' -> 'mtp://UUI/Storage/curso2.0/www/lib/ckeditor/lang/ar.js'
2017-09-11 21:57:51: Copiar Nueva 'C:/Users/Walter Omar/Desktop/android/curso2.0/www/lib/ckeditor/lang/az.js' -> 'mtp://UUI/Storage/curso2.0/www/lib/ckeditor/lang/az.js'
2017-09-11 21:57:52: Copiar Nueva 'C:/Users/Walter Omar/Desktop/android/curso2.0/www/lib/ckeditor/lang/bg.js' -> 'mtp://UUI/Storage/curso2.0/www/lib/ckeditor/lang/bg.js'
2017-09-11 21:57:52: Copiar Nueva 'C:/Users/Walter Omar/Desktop/android/curso2.0/www/lib/ckeditor/lang/bn.js' -> 'mtp://UUI/Storage/curso2.0/www/lib/ckeditor/lang/bn.js'
2017-09-11 21:57:53: Copiar Nueva 'C:/Users/Walter Omar/Desktop/android/curso2.0/www/lib/ckeditor/lang/bs.js' -> 'mtp://UUI/Storage/curso2.0/www/lib/ckeditor/lang/bs.js'
2017-09-11 21:57:54: Copiar Nueva 'C:/Users/Walter Omar/Desktop/android/curso2.0/www/lib/ckeditor/lang/ca.js' -> 'mtp://UUI/Storage/curso2.0/www/lib/ckeditor/lang/ca.js'
2017-09-11 21:57:54: Copiar Nueva 'C:/Users/Walter Omar/Desktop/android/curso2.0/www/lib/ckeditor/lang/cs.js' -> 'mtp://UUI/Storage/curso2.0/www/lib/ckeditor/lang/cs.js'
2017-09-11 21:57:55: Copiar Nueva 'C:/Users/Walter Omar/Desktop/android/curso2.0/www/lib/ckeditor/lang/cy.js' -> 'mtp://UUI/Storage/curso2.0/www/lib/ckeditor/lang/cy.js'
2017-09-11 21:57:56: Copiar Nueva 'C:/Users/Walter Omar/Desktop/android/curso2.0/www/lib/ckeditor/lang/da.js' -> 'mtp://UUI/Storage/curso2.0/www/lib/ckeditor/lang/da.js'
2017-09-11 21:57:57: Copiar Nueva 'C:/Users/Walter Omar/Desktop/android/curso2.0/www/lib/ckeditor/lang/de-ch.js' -> 'mtp://UUI/Storage/curso2.0/www/lib/ckeditor/lang/de-ch.js'
2017-09-11 21:57:57: Copiar Nueva 'C:/Users/Walter Omar/Desktop/android/curso2.0/www/lib/ckeditor/lang/de.js' -> 'mtp://UUI/Storage/curso2.0/www/lib/ckeditor/lang/de.js'
2017-09-11 21:57:58: Copiar Nueva 'C:/Users/Walter Omar/Desktop/android/curso2.0/www/lib/ckeditor/lang/el.js' -> 'mtp://UUI/Storage/curso2.0/www/lib/ckeditor/lang/el.js'
2017-09-11 21:57:59: Copiar Nueva 'C:/Users/Walter Omar/Desktop/android/curso2.0/www/lib/ckeditor/lang/en-au.js' -> 'mtp://UUI/Storage/curso2.0/www/lib/ckeditor/lang/en-au.js'
2017-09-11 21:58:00: Copiar Nueva 'C:/Users/Walter Omar/Desktop/android/curso2.0/www/lib/ckeditor/lang/en-ca.js' -> 'mtp://UUI/Storage/curso2.0/www/lib/ckeditor/lang/en-ca.js'
2017-09-11 21:58:00: Copiar Nueva 'C:/Users/Walter Omar/Desktop/android/curso2.0/www/lib/ckeditor/lang/en-gb.js' -> 'mtp://UUI/Storage/curso2.0/www/lib/ckeditor/lang/en-gb.js'
2017-09-11 21:58:01: Copiar Nueva 'C:/Users/Walter Omar/Desktop/android/curso2.0/www/lib/ckeditor/lang/en.js' -> 'mtp://UUI/Storage/curso2.0/www/lib/ckeditor/lang/en.js'
2017-09-11 21:58:02: Copiar Nueva 'C:/Users/Walter Omar/Desktop/android/curso2.0/www/lib/ckeditor/lang/eo.js' -> 'mtp://UUI/Storage/curso2.0/www/lib/ckeditor/lang/eo.js'
2017-09-11 21:58:03: Copiar Nueva 'C:/Users/Walter Omar/Desktop/android/curso2.0/www/lib/ckeditor/lang/es-mx.js' -> 'mtp://UUI/Storage/curso2.0/www/lib/ckeditor/lang/es-mx.js'
2017-09-11 21:58:04: Copiar Nueva 'C:/Users/Walter Omar/Desktop/android/curso2.0/www/lib/ckeditor/lang/es.js' -> 'mtp://UUI/Storage/curso2.0/www/lib/ckeditor/lang/es.js'
2017-09-11 21:58:05: Copiar Nueva 'C:/Users/Walter Omar/Desktop/android/curso2.0/www/lib/ckeditor/lang/et.js' -> 'mtp://UUI/Storage/curso2.0/www/lib/ckeditor/lang/et.js'
2017-09-11 21:58:05: Copiar Nueva 'C:/Users/Walter Omar/Desktop/android/curso2.0/www/lib/ckeditor/lang/eu.js' -> 'mtp://UUI/Storage/curso2.0/www/lib/ckeditor/lang/eu.js'
2017-09-11 21:58:06: Copiar Nueva 'C:/Users/Walter Omar/Desktop/android/curso2.0/www/lib/ckeditor/lang/fa.js' -> 'mtp://UUI/Storage/curso2.0/www/lib/ckeditor/lang/fa.js'
2017-09-11 21:58:08: Copiar Nueva 'C:/Users/Walter Omar/Desktop/android/curso2.0/www/lib/ckeditor/lang/fi.js' -> 'mtp://UUI/Storage/curso2.0/www/lib/ckeditor/lang/fi.js'
2017-09-11 21:58:09: Copiar Nueva 'C:/Users/Walter Omar/Desktop/android/curso2.0/www/lib/ckeditor/lang/fo.js' -> 'mtp://UUI/Storage/curso2.0/www/lib/ckeditor/lang/fo.js'
2017-09-11 21:58:10: Copiar Nueva 'C:/Users/Walter Omar/Desktop/android/curso2.0/www/lib/ckeditor/lang/fr-ca.js' -> 'mtp://UUI/Storage/curso2.0/www/lib/ckeditor/lang/fr-ca.js'
2017-09-11 21:58:11: Copiar Nueva 'C:/Users/Walter Omar/Desktop/android/curso2.0/www/lib/ckeditor/lang/fr.js' -> 'mtp://UUI/Storage/curso2.0/www/lib/ckeditor/lang/fr.js'
2017-09-11 21:58:11: Copiar Nueva 'C:/Users/Walter Omar/Desktop/android/curso2.0/www/lib/ckeditor/lang/gl.js' -> 'mtp://UUI/Storage/curso2.0/www/lib/ckeditor/lang/gl.js'
2017-09-11 21:58:12: Copiar Nueva 'C:/Users/Walter Omar/Desktop/android/curso2.0/www/lib/ckeditor/lang/gu.js' -> 'mtp://UUI/Storage/curso2.0/www/lib/ckeditor/lang/gu.js'
2017-09-11 21:58:14: Copiar Nueva 'C:/Users/Walter Omar/Desktop/android/curso2.0/www/lib/ckeditor/lang/he.js' -> 'mtp://UUI/Storage/curso2.0/www/lib/ckeditor/lang/he.js'
2017-09-11 21:58:15: Copiar Nueva 'C:/Users/Walter Omar/Desktop/android/curso2.0/www/lib/ckeditor/lang/hi.js' -> 'mtp://UUI/Storage/curso2.0/www/lib/ckeditor/lang/hi.js'
2017-09-11 21:58:16: Copiar Nueva 'C:/Users/Walter Omar/Desktop/android/curso2.0/www/lib/ckeditor/lang/hr.js' -> 'mtp://UUI/Storage/curso2.0/www/lib/ckeditor/lang/hr.js'
2017-09-11 21:58:18: Copiar Nueva 'C:/Users/Walter Omar/Desktop/android/curso2.0/www/lib/ckeditor/lang/hu.js' -> 'mtp://UUI/Storage/curso2.0/www/lib/ckeditor/lang/hu.js'
2017-09-11 21:58:19: Copiar Nueva 'C:/Users/Walter Omar/Desktop/android/curso2.0/www/lib/ckeditor/lang/id.js' -> 'mtp://UUI/Storage/curso2.0/www/lib/ckeditor/lang/id.js'
2017-09-11 21:58:20: Copiar Nueva 'C:/Users/Walter Omar/Desktop/android/curso2.0/www/lib/ckeditor/lang/is.js' -> 'mtp://UUI/Storage/curso2.0/www/lib/ckeditor/lang/is.js'
2017-09-11 21:58:22: Copiar Nueva 'C:/Users/Walter Omar/Desktop/android/curso2.0/www/lib/ckeditor/lang/it.js' -> 'mtp://UUI/Storage/curso2.0/www/lib/ckeditor/lang/it.js'
2017-09-11 21:58:23: Copiar Nueva 'C:/Users/Walter Omar/Desktop/android/curso2.0/www/lib/ckeditor/lang/ja.js' -> 'mtp://UUI/Storage/curso2.0/www/lib/ckeditor/lang/ja.js'
2017-09-11 21:58:24: Copiar Nueva 'C:/Users/Walter Omar/Desktop/android/curso2.0/www/lib/ckeditor/lang/ka.js' -> 'mtp://UUI/Storage/curso2.0/www/lib/ckeditor/lang/ka.js'
2017-09-11 21:58:26: Copiar Nueva 'C:/Users/Walter Omar/Desktop/android/curso2.0/www/lib/ckeditor/lang/km.js' -> 'mtp://UUI/Storage/curso2.0/www/lib/ckeditor/lang/km.js'
2017-09-11 21:58:27: Copiar Nueva 'C:/Users/Walter Omar/Desktop/android/curso2.0/www/lib/ckeditor/lang/ko.js' -> 'mtp://UUI/Storage/curso2.0/www/lib/ckeditor/lang/ko.js'
2017-09-11 21:58:28: Copiar Nueva 'C:/Users/Walter Omar/Desktop/android/curso2.0/www/lib/ckeditor/lang/ku.js' -> 'mtp://UUI/Storage/curso2.0/www/lib/ckeditor/lang/ku.js'
2017-09-11 21:58:31: Copiar Nueva 'C:/Users/Walter Omar/Desktop/android/curso2.0/www/lib/ckeditor/lang/lt.js' -> 'mtp://UUI/Storage/curso2.0/www/lib/ckeditor/lang/lt.js'
2017-09-11 21:58:32: Copiar Nueva 'C:/Users/Walter Omar/Desktop/android/curso2.0/www/lib/ckeditor/lang/lv.js' -> 'mtp://UUI/Storage/curso2.0/www/lib/ckeditor/lang/lv.js'
2017-09-11 21:58:34: Copiar Nueva 'C:/Users/Walter Omar/Desktop/android/curso2.0/www/lib/ckeditor/lang/mk.js' -> 'mtp://UUI/Storage/curso2.0/www/lib/ckeditor/lang/mk.js'
2017-09-11 21:58:35: Copiar Nueva 'C:/Users/Walter Omar/Desktop/android/curso2.0/www/lib/ckeditor/lang/mn.js' -> 'mtp://UUI/Storage/curso2.0/www/lib/ckeditor/lang/mn.js'
2017-09-11 21:58:36: Copiar Nueva 'C:/Users/Walter Omar/Desktop/android/curso2.0/www/lib/ckeditor/lang/ms.js' -> 'mtp://UUI/Storage/curso2.0/www/lib/ckeditor/lang/ms.js'
2017-09-11 21:58:38: Copiar Nueva 'C:/Users/Walter Omar/Desktop/android/curso2.0/www/lib/ckeditor/lang/nb.js' -> 'mtp://UUI/Storage/curso2.0/www/lib/ckeditor/lang/nb.js'
2017-09-11 21:58:39: Copiar Nueva 'C:/Users/Walter Omar/Desktop/android/curso2.0/www/lib/ckeditor/lang/nl.js' -> 'mtp://UUI/Storage/curso2.0/www/lib/ckeditor/lang/nl.js'
2017-09-11 21:58:40: Copiar Nueva 'C:/Users/Walter Omar/Desktop/android/curso2.0/www/lib/ckeditor/lang/no.js' -> 'mtp://UUI/Storage/curso2.0/www/lib/ckeditor/lang/no.js'
2017-09-11 21:58:42: Copiar Nueva 'C:/Users/Walter Omar/Desktop/android/curso2.0/www/lib/ckeditor/lang/oc.js' -> 'mtp://UUI/Storage/curso2.0/www/lib/ckeditor/lang/oc.js'
2017-09-11 21:58:43: Copiar Nueva 'C:/Users/Walter Omar/Desktop/android/curso2.0/www/lib/ckeditor/lang/pl.js' -> 'mtp://UUI/Storage/curso2.0/www/lib/ckeditor/lang/pl.js'
2017-09-11 21:58:44: Copiar Nueva 'C:/Users/Walter Omar/Desktop/android/curso2.0/www/lib/ckeditor/lang/pt-br.js' -> 'mtp://UUI/Storage/curso2.0/www/lib/ckeditor/lang/pt-br.js'
2017-09-11 21:58:46: Copiar Nueva 'C:/Users/Walter Omar/Desktop/android/curso2.0/www/lib/ckeditor/lang/pt.js' -> 'mtp://UUI/Storage/curso2.0/www/lib/ckeditor/lang/pt.js'
2017-09-11 21:58:47: Copiar Nueva 'C:/Users/Walter Omar/Desktop/android/curso2.0/www/lib/ckeditor/lang/ro.js' -> 'mtp://UUI/Storage/curso2.0/www/lib/ckeditor/lang/ro.js'
2017-09-11 21:58:48: Copiar Nueva 'C:/Users/Walter Omar/Desktop/android/curso2.0/www/lib/ckeditor/lang/ru.js' -> 'mtp://UUI/Storage/curso2.0/www/lib/ckeditor/lang/ru.js'
2017-09-11 21:58:50: Copiar Nueva 'C:/Users/Walter Omar/Desktop/android/curso2.0/www/lib/ckeditor/lang/si.js' -> 'mtp://UUI/Storage/curso2.0/www/lib/ckeditor/lang/si.js'
2017-09-11 21:58:51: Copiar Nueva 'C:/Users/Walter Omar/Desktop/android/curso2.0/www/lib/ckeditor/lang/sk.js' -> 'mtp://UUI/Storage/curso2.0/www/lib/ckeditor/lang/sk.js'
2017-09-11 21:58:52: Copiar Nueva 'C:/Users/Walter Omar/Desktop/android/curso2.0/www/lib/ckeditor/lang/sl.js' -> 'mtp://UUI/Storage/curso2.0/www/lib/ckeditor/lang/sl.js'
2017-09-11 21:58:54: Copiar Nueva 'C:/Users/Walter Omar/Desktop/android/curso2.0/www/lib/ckeditor/lang/sq.js' -> 'mtp://UUI/Storage/curso2.0/www/lib/ckeditor/lang/sq.js'
2017-09-11 21:58:55: Copiar Nueva 'C:/Users/Walter Omar/Desktop/android/curso2.0/www/lib/ckeditor/lang/sr-latn.js' -> 'mtp://UUI/Storage/curso2.0/www/lib/ckeditor/lang/sr-latn.js'
2017-09-11 21:58:56: Copiar Nueva 'C:/Users/Walter Omar/Desktop/android/curso2.0/www/lib/ckeditor/lang/sr.js' -> 'mtp://UUI/Storage/curso2.0/www/lib/ckeditor/lang/sr.js'
2017-09-11 21:58:58: Copiar Nueva 'C:/Users/Walter Omar/Desktop/android/curso2.0/www/lib/ckeditor/lang/sv.js' -> 'mtp://UUI/Storage/curso2.0/www/lib/ckeditor/lang/sv.js'
2017-09-11 21:58:59: Copiar Nueva 'C:/Users/Walter Omar/Desktop/android/curso2.0/www/lib/ckeditor/lang/th.js' -> 'mtp://UUI/Storage/curso2.0/www/lib/ckeditor/lang/th.js'
2017-09-11 21:59:01: Copiar Nueva 'C:/Users/Walter Omar/Desktop/android/curso2.0/www/lib/ckeditor/lang/tr.js' -> 'mtp://UUI/Storage/curso2.0/www/lib/ckeditor/lang/tr.js'
2017-09-11 21:59:02: Copiar Nueva 'C:/Users/Walter Omar/Desktop/android/curso2.0/www/lib/ckeditor/lang/tt.js' -> 'mtp://UUI/Storage/curso2.0/www/lib/ckeditor/lang/tt.js'
2017-09-11 21:59:03: Copiar Nueva 'C:/Users/Walter Omar/Desktop/android/curso2.0/www/lib/ckeditor/lang/ug.js' -> 'mtp://UUI/Storage/curso2.0/www/lib/ckeditor/lang/ug.js'
2017-09-11 21:59:05: Copiar Nueva 'C:/Users/Walter Omar/Desktop/android/curso2.0/www/lib/ckeditor/lang/uk.js' -> 'mtp://UUI/Storage/curso2.0/www/lib/ckeditor/lang/uk.js'
2017-09-11 21:59:06: Copiar Nueva 'C:/Users/Walter Omar/Desktop/android/curso2.0/www/lib/ckeditor/lang/vi.js' -> 'mtp://UUI/Storage/curso2.0/www/lib/ckeditor/lang/vi.js'
2017-09-11 21:59:07: Copiar Nueva 'C:/Users/Walter Omar/Desktop/android/curso2.0/www/lib/ckeditor/lang/zh-cn.js' -> 'mtp://UUI/Storage/curso2.0/www/lib/ckeditor/lang/zh-cn.js'
2017-09-11 21:59:09: Copiar Nueva 'C:/Users/Walter Omar/Desktop/android/curso2.0/www/lib/ckeditor/lang/zh.js' -> 'mtp://UUI/Storage/curso2.0/www/lib/ckeditor/lang/zh.js'
2017-09-11 21:59:10: Copiar Nueva 'C:/Users/Walter Omar/Desktop/android/curso2.0/www/lib/ckeditor/LICENSE.md' -> 'mtp://UUI/Storage/curso2.0/www/lib/ckeditor/LICENSE.md'
2017-09-11 21:59:10: Copiar Nueva 'C:/Users/Walter Omar/Desktop/android/curso2.0/www/lib/ckeditor/plugins/about/dialogs/about.js' -> 'mtp://UUI/Storage/curso2.0/www/lib/ckeditor/plugins/about/dialogs/about.js'
2017-09-11 21:59:11: Copiar Nueva 'C:/Users/Walter Omar/Desktop/android/curso2.0/www/lib/ckeditor/plugins/about/dialogs/hidpi/logo_ckeditor.png' -> 'mtp://UUI/Storage/curso2.0/www/lib/ckeditor/plugins/about/dialogs/hidpi/logo_ckeditor.png'
2017-09-11 21:59:12: Copiar Nueva 'C:/Users/Walter Omar/Desktop/android/curso2.0/www/lib/ckeditor/plugins/about/dialogs/logo_ckeditor.png' -> 'mtp://UUI/Storage/curso2.0/www/lib/ckeditor/plugins/about/dialogs/logo_ckeditor.png'
2017-09-11 21:59:13: Copiar Nueva 'C:/Users/Walter Omar/Desktop/android/curso2.0/www/lib/ckeditor/plugins/dialog/dialogDefinition.js' -> 'mtp://UUI/Storage/curso2.0/www/lib/ckeditor/plugins/dialog/dialogDefinition.js'
2017-09-11 21:59:13: Copiar Nueva 'C:/Users/Walter Omar/Desktop/android/curso2.0/www/lib/ckeditor/plugins/icons.png' -> 'mtp://UUI/Storage/curso2.0/www/lib/ckeditor/plugins/icons.png'
2017-09-11 21:59:14: Copiar Nueva 'C:/Users/Walter Omar/Desktop/android/curso2.0/www/lib/ckeditor/plugins/icons_hidpi.png' -> 'mtp://UUI/Storage/curso2.0/www/lib/ckeditor/plugins/icons_hidpi.png'
2017-09-11 21:59:15: Copiar Nueva 'C:/Users/Walter Omar/Desktop/android/curso2.0/www/lib/ckeditor/plugins/link/dialogs/anchor.js' -> 'mtp://UUI/Storage/curso2.0/www/lib/ckeditor/plugins/link/dialogs/anchor.js'
2017-09-11 21:59:16: Copiar Nueva 'C:/Users/Walter Omar/Desktop/android/curso2.0/www/lib/ckeditor/plugins/link/dialogs/link.js' -> 'mtp://UUI/Storage/curso2.0/www/lib/ckeditor/plugins/link/dialogs/link.js'
2017-09-11 21:59:16: Copiar Nueva 'C:/Users/Walter Omar/Desktop/android/curso2.0/www/lib/ckeditor/plugins/link/images/anchor.png' -> 'mtp://UUI/Storage/curso2.0/www/lib/ckeditor/plugins/link/images/anchor.png'
2017-09-11 21:59:17: Copiar Nueva 'C:/Users/Walter Omar/Desktop/android/curso2.0/www/lib/ckeditor/plugins/link/images/hidpi/anchor.png' -> 'mtp://UUI/Storage/curso2.0/www/lib/ckeditor/plugins/link/images/hidpi/anchor.png'
2017-09-11 21:59:18: Copiar Nueva 'C:/Users/Walter Omar/Desktop/android/curso2.0/www/lib/ckeditor/README.md' -> 'mtp://UUI/Storage/curso2.0/www/lib/ckeditor/README.md'
2017-09-11 21:59:19: Copiar Nueva 'C:/Users/Walter Omar/Desktop/android/curso2.0/www/lib/ckeditor/samples/css/samples.css' -> 'mtp://UUI/Storage/curso2.0/www/lib/ckeditor/samples/css/samples.css'
2017-09-11 21:59:19: Copiar Nueva 'C:/Users/Walter Omar/Desktop/android/curso2.0/www/lib/ckeditor/samples/img/github-top.png' -> 'mtp://UUI/Storage/curso2.0/www/lib/ckeditor/samples/img/github-top.png'
2017-09-11 21:59:20: Copiar Nueva 'C:/Users/Walter Omar/Desktop/android/curso2.0/www/lib/ckeditor/samples/img/header-bg.png' -> 'mtp://UUI/Storage/curso2.0/www/lib/ckeditor/samples/img/header-bg.png'
2017-09-11 21:59:21: Copiar Nueva 'C:/Users/Walter Omar/Desktop/android/curso2.0/www/lib/ckeditor/samples/img/header-separator.png' -> 'mtp://UUI/Storage/curso2.0/www/lib/ckeditor/samples/img/header-separator.png'
2017-09-11 21:59:22: Copiar Nueva 'C:/Users/Walter Omar/Desktop/android/curso2.0/www/lib/ckeditor/samples/img/logo.png' -> 'mtp://UUI/Storage/curso2.0/www/lib/ckeditor/samples/img/logo.png'
2017-09-11 21:59:22: Copiar Nueva 'C:/Users/Walter Omar/Desktop/android/curso2.0/www/lib/ckeditor/samples/img/navigation-tip.png' -> 'mtp://UUI/Storage/curso2.0/www/lib/ckeditor/samples/img/navigation-tip.png'
2017-09-11 21:59:23: Copiar Nueva 'C:/Users/Walter Omar/Desktop/android/curso2.0/www/lib/ckeditor/samples/index.html' -> 'mtp://UUI/Storage/curso2.0/www/lib/ckeditor/samples/index.html'
2017-09-11 21:59:24: Copiar Nueva 'C:/Users/Walter Omar/Desktop/android/curso2.0/www/lib/ckeditor/samples/js/sample.js' -> 'mtp://UUI/Storage/curso2.0/www/lib/ckeditor/samples/js/sample.js'
2017-09-11 21:59:25: Copiar Nueva 'C:/Users/Walter Omar/Desktop/android/curso2.0/www/lib/ckeditor/samples/js/sf.js' -> 'mtp://UUI/Storage/curso2.0/www/lib/ckeditor/samples/js/sf.js'
2017-09-11 21:59:25: Copiar Nueva 'C:/Users/Walter Omar/Desktop/android/curso2.0/www/lib/ckeditor/samples/old/ajax.html' -> 'mtp://UUI/Storage/curso2.0/www/lib/ckeditor/samples/old/ajax.html'
2017-09-11 21:59:26: Copiar Nueva 'C:/Users/Walter Omar/Desktop/android/curso2.0/www/lib/ckeditor/samples/old/api.html' -> 'mtp://UUI/Storage/curso2.0/www/lib/ckeditor/samples/old/api.html'
2017-09-11 21:59:27: Copiar Nueva 'C:/Users/Walter Omar/Desktop/android/curso2.0/www/lib/ckeditor/samples/old/appendto.html' -> 'mtp://UUI/Storage/curso2.0/www/lib/ckeditor/samples/old/appendto.html'
2017-09-11 21:59:28: Copiar Nueva 'C:/Users/Walter Omar/Desktop/android/curso2.0/www/lib/ckeditor/samples/old/assets/inlineall/logo.png' -> 'mtp://UUI/Storage/curso2.0/www/lib/ckeditor/samples/old/assets/inlineall/logo.png'
2017-09-11 21:59:29: Copiar Nueva 'C:/Users/Walter Omar/Desktop/android/curso2.0/www/lib/ckeditor/samples/old/assets/outputxhtml/outputxhtml.css' -> 'mtp://UUI/Storage/curso2.0/www/lib/ckeditor/samples/old/assets/outputxhtml/outputxhtml.css'
2017-09-11 21:59:30: Copiar Nueva 'C:/Users/Walter Omar/Desktop/android/curso2.0/www/lib/ckeditor/samples/old/assets/posteddata.php' -> 'mtp://UUI/Storage/curso2.0/www/lib/ckeditor/samples/old/assets/posteddata.php'
2017-09-11 21:59:31: Copiar Nueva 'C:/Users/Walter Omar/Desktop/android/curso2.0/www/lib/ckeditor/samples/old/assets/sample.jpg' -> 'mtp://UUI/Storage/curso2.0/www/lib/ckeditor/samples/old/assets/sample.jpg'
2017-09-11 21:59:32: Copiar Nueva 'C:/Users/Walter Omar/Desktop/android/curso2.0/www/lib/ckeditor/samples/old/assets/uilanguages/languages.js' -> 'mtp://UUI/Storage/curso2.0/www/lib/ckeditor/samples/old/assets/uilanguages/languages.js'
2017-09-11 21:59:33: Copiar Nueva 'C:/Users/Walter Omar/Desktop/android/curso2.0/www/lib/ckeditor/samples/old/datafiltering.html' -> 'mtp://UUI/Storage/curso2.0/www/lib/ckeditor/samples/old/datafiltering.html'
2017-09-11 21:59:33: Copiar Nueva 'C:/Users/Walter Omar/Desktop/android/curso2.0/www/lib/ckeditor/samples/old/dialog/assets/my_dialog.js' -> 'mtp://UUI/Storage/curso2.0/www/lib/ckeditor/samples/old/dialog/assets/my_dialog.js'
2017-09-11 21:59:34: Copiar Nueva 'C:/Users/Walter Omar/Desktop/android/curso2.0/www/lib/ckeditor/samples/old/dialog/dialog.html' -> 'mtp://UUI/Storage/curso2.0/www/lib/ckeditor/samples/old/dialog/dialog.html'
2017-09-11 21:59:35: Copiar Nueva 'C:/Users/Walter Omar/Desktop/android/curso2.0/www/lib/ckeditor/samples/old/divreplace.html' -> 'mtp://UUI/Storage/curso2.0/www/lib/ckeditor/samples/old/divreplace.html'
2017-09-11 21:59:36: Copiar Nueva 'C:/Users/Walter Omar/Desktop/android/curso2.0/www/lib/ckeditor/samples/old/enterkey/enterkey.html' -> 'mtp://UUI/Storage/curso2.0/www/lib/ckeditor/samples/old/enterkey/enterkey.html'
2017-09-11 21:59:37: Copiar Nueva 'C:/Users/Walter Omar/Desktop/android/curso2.0/www/lib/ckeditor/samples/old/index.html' -> 'mtp://UUI/Storage/curso2.0/www/lib/ckeditor/samples/old/index.html'
2017-09-11 21:59:38: Copiar Nueva 'C:/Users/Walter Omar/Desktop/android/curso2.0/www/lib/ckeditor/samples/old/inlineall.html' -> 'mtp://UUI/Storage/curso2.0/www/lib/ckeditor/samples/old/inlineall.html'
2017-09-11 21:59:39: Copiar Nueva 'C:/Users/Walter Omar/Desktop/android/curso2.0/www/lib/ckeditor/samples/old/inlinebycode.html' -> 'mtp://UUI/Storage/curso2.0/www/lib/ckeditor/samples/old/inlinebycode.html'
2017-09-11 21:59:41: Copiar Nueva 'C:/Users/Walter Omar/Desktop/android/curso2.0/www/lib/ckeditor/samples/old/inlinetextarea.html' -> 'mtp://UUI/Storage/curso2.0/www/lib/ckeditor/samples/old/inlinetextarea.html'
2017-09-11 21:59:43: Copiar Nueva 'C:/Users/Walter Omar/Desktop/android/curso2.0/www/lib/ckeditor/samples/old/jquery.html' -> 'mtp://UUI/Storage/curso2.0/www/lib/ckeditor/samples/old/jquery.html'
2017-09-11 21:59:43: Copiar Nueva 'C:/Users/Walter Omar/Desktop/android/curso2.0/www/lib/ckeditor/samples/old/readonly.html' -> 'mtp://UUI/Storage/curso2.0/www/lib/ckeditor/samples/old/readonly.html'
2017-09-11 21:59:45: Copiar Nueva 'C:/Users/Walter Omar/Desktop/android/curso2.0/www/lib/ckeditor/samples/old/replacebyclass.html' -> 'mtp://UUI/Storage/curso2.0/www/lib/ckeditor/samples/old/replacebyclass.html'
2017-09-11 21:59:46: Copiar Nueva 'C:/Users/Walter Omar/Desktop/android/curso2.0/www/lib/ckeditor/samples/old/replacebycode.html' -> 'mtp://UUI/Storage/curso2.0/www/lib/ckeditor/samples/old/replacebycode.html'
2017-09-11 21:59:47: Copiar Nueva 'C:/Users/Walter Omar/Desktop/android/curso2.0/www/lib/ckeditor/samples/old/sample.css' -> 'mtp://UUI/Storage/curso2.0/www/lib/ckeditor/samples/old/sample.css'
2017-09-11 21:59:49: Copiar Nueva 'C:/Users/Walter Omar/Desktop/android/curso2.0/www/lib/ckeditor/samples/old/sample.js' -> 'mtp://UUI/Storage/curso2.0/www/lib/ckeditor/samples/old/sample.js'
2017-09-11 21:59:50: Copiar Nueva 'C:/Users/Walter Omar/Desktop/android/curso2.0/www/lib/ckeditor/samples/old/sample_posteddata.php' -> 'mtp://UUI/Storage/curso2.0/www/lib/ckeditor/samples/old/sample_posteddata.php'
2017-09-11 21:59:51: Copiar Nueva 'C:/Users/Walter Omar/Desktop/android/curso2.0/www/lib/ckeditor/samples/old/tabindex.html' -> 'mtp://UUI/Storage/curso2.0/www/lib/ckeditor/samples/old/tabindex.html'
2017-09-11 21:59:53: Copiar Nueva 'C:/Users/Walter Omar/Desktop/android/curso2.0/www/lib/ckeditor/samples/old/toolbar/toolbar.html' -> 'mtp://UUI/Storage/curso2.0/www/lib/ckeditor/samples/old/toolbar/toolbar.html'
2017-09-11 21:59:54: Copiar Nueva 'C:/Users/Walter Omar/Desktop/android/curso2.0/www/lib/ckeditor/samples/old/uicolor.html' -> 'mtp://UUI/Storage/curso2.0/www/lib/ckeditor/samples/old/uicolor.html'
2017-09-11 21:59:55: Copiar Nueva 'C:/Users/Walter Omar/Desktop/android/curso2.0/www/lib/ckeditor/samples/old/uilanguages.html' -> 'mtp://UUI/Storage/curso2.0/www/lib/ckeditor/samples/old/uilanguages.html'
2017-09-11 21:59:57: Copiar Nueva 'C:/Users/Walter Omar/Desktop/android/curso2.0/www/lib/ckeditor/samples/old/wysiwygarea/fullpage.html' -> 'mtp://UUI/Storage/curso2.0/www/lib/ckeditor/samples/old/wysiwygarea/fullpage.html'
2017-09-11 21:59:58: Copiar Nueva 'C:/Users/Walter Omar/Desktop/android/curso2.0/www/lib/ckeditor/samples/old/xhtmlstyle.html' -> 'mtp://UUI/Storage/curso2.0/www/lib/ckeditor/samples/old/xhtmlstyle.html'
2017-09-11 21:59:59: Copiar Nueva 'C:/Users/Walter Omar/Desktop/android/curso2.0/www/lib/ckeditor/samples/toolbarconfigurator/css/fontello.css' -> 'mtp://UUI/Storage/curso2.0/www/lib/ckeditor/samples/toolbarconfigurator/css/fontello.css'
2017-09-11 22:00:00: Copiar Nueva 'C:/Users/Walter Omar/Desktop/android/curso2.0/www/lib/ckeditor/samples/toolbarconfigurator/font/config.json' -> 'mtp://UUI/Storage/curso2.0/www/lib/ckeditor/samples/toolbarconfigurator/font/config.json'
2017-09-11 22:00:01: Copiar Nueva 'C:/Users/Walter Omar/Desktop/android/curso2.0/www/lib/ckeditor/samples/toolbarconfigurator/font/fontello.eot' -> 'mtp://UUI/Storage/curso2.0/www/lib/ckeditor/samples/toolbarconfigurator/font/fontello.eot'
2017-09-11 22:00:01: Copiar Nueva 'C:/Users/Walter Omar/Desktop/android/curso2.0/www/lib/ckeditor/samples/toolbarconfigurator/font/fontello.svg' -> 'mtp://UUI/Storage/curso2.0/www/lib/ckeditor/samples/toolbarconfigurator/font/fontello.svg'
2017-09-11 22:00:02: Copiar Nueva 'C:/Users/Walter Omar/Desktop/android/curso2.0/www/lib/ckeditor/samples/toolbarconfigurator/font/fontello.ttf' -> 'mtp://UUI/Storage/curso2.0/www/lib/ckeditor/samples/toolbarconfigurator/font/fontello.ttf'
2017-09-11 22:00:03: Copiar Nueva 'C:/Users/Walter Omar/Desktop/android/curso2.0/www/lib/ckeditor/samples/toolbarconfigurator/font/fontello.woff' -> 'mtp://UUI/Storage/curso2.0/www/lib/ckeditor/samples/toolbarconfigurator/font/fontello.woff'
2017-09-11 22:00:04: Copiar Nueva 'C:/Users/Walter Omar/Desktop/android/curso2.0/www/lib/ckeditor/samples/toolbarconfigurator/font/LICENSE.txt' -> 'mtp://UUI/Storage/curso2.0/www/lib/ckeditor/samples/toolbarconfigurator/font/LICENSE.txt'
2017-09-11 22:00:04: Copiar Nueva 'C:/Users/Walter Omar/Desktop/android/curso2.0/www/lib/ckeditor/samples/toolbarconfigurator/index.html' -> 'mtp://UUI/Storage/curso2.0/www/lib/ckeditor/samples/toolbarconfigurator/index.html'
2017-09-11 22:00:05: Copiar Nueva 'C:/Users/Walter Omar/Desktop/android/curso2.0/www/lib/ckeditor/samples/toolbarconfigurator/js/abstracttoolbarmodifier.js' -> 'mtp://UUI/Storage/curso2.0/www/lib/ckeditor/samples/toolbarconfigurator/js/abstracttoolbarmodifier.js'
2017-09-11 22:00:06: Copiar Nueva 'C:/Users/Walter Omar/Desktop/android/curso2.0/www/lib/ckeditor/samples/toolbarconfigurator/js/fulltoolbareditor.js' -> 'mtp://UUI/Storage/curso2.0/www/lib/ckeditor/samples/toolbarconfigurator/js/fulltoolbareditor.js'
2017-09-11 22:00:07: Copiar Nueva 'C:/Users/Walter Omar/Desktop/android/curso2.0/www/lib/ckeditor/samples/toolbarconfigurator/js/toolbarmodifier.js' -> 'mtp://UUI/Storage/curso2.0/www/lib/ckeditor/samples/toolbarconfigurator/js/toolbarmodifier.js'
2017-09-11 22:00:08: Copiar Nueva 'C:/Users/Walter Omar/Desktop/android/curso2.0/www/lib/ckeditor/samples/toolbarconfigurator/js/toolbartextmodifier.js' -> 'mtp://UUI/Storage/curso2.0/www/lib/ckeditor/samples/toolbarconfigurator/js/toolbartextmodifier.js'
2017-09-11 22:00:09: Copiar Nueva 'C:/Users/Walter Omar/Desktop/android/curso2.0/www/lib/ckeditor/samples/toolbarconfigurator/lib/codemirror/codemirror.css' -> 'mtp://UUI/Storage/curso2.0/www/lib/ckeditor/samples/toolbarconfigurator/lib/codemirror/codemirror.css'
2017-09-11 22:00:09: Copiar Nueva 'C:/Users/Walter Omar/Desktop/android/curso2.0/www/lib/ckeditor/samples/toolbarconfigurator/lib/codemirror/codemirror.js' -> 'mtp://UUI/Storage/curso2.0/www/lib/ckeditor/samples/toolbarconfigurator/lib/codemirror/codemirror.js'
2017-09-11 22:00:10: Copiar Nueva 'C:/Users/Walter Omar/Desktop/android/curso2.0/www/lib/ckeditor/samples/toolbarconfigurator/lib/codemirror/javascript.js' -> 'mtp://UUI/Storage/curso2.0/www/lib/ckeditor/samples/toolbarconfigurator/lib/codemirror/javascript.js'
2017-09-11 22:00:11: Copiar Nueva 'C:/Users/Walter Omar/Desktop/android/curso2.0/www/lib/ckeditor/samples/toolbarconfigurator/lib/codemirror/LICENSE' -> 'mtp://UUI/Storage/curso2.0/www/lib/ckeditor/samples/toolbarconfigurator/lib/codemirror/LICENSE'
2017-09-11 22:00:12: Copiar Nueva 'C:/Users/Walter Omar/Desktop/android/curso2.0/www/lib/ckeditor/samples/toolbarconfigurator/lib/codemirror/neo.css' -> 'mtp://UUI/Storage/curso2.0/www/lib/ckeditor/samples/toolbarconfigurator/lib/codemirror/neo.css'
2017-09-11 22:00:12: Copiar Nueva 'C:/Users/Walter Omar/Desktop/android/curso2.0/www/lib/ckeditor/samples/toolbarconfigurator/lib/codemirror/show-hint.css' -> 'mtp://UUI/Storage/curso2.0/www/lib/ckeditor/samples/toolbarconfigurator/lib/codemirror/show-hint.css'
2017-09-11 22:00:14: Copiar Nueva 'C:/Users/Walter Omar/Desktop/android/curso2.0/www/lib/ckeditor/samples/toolbarconfigurator/lib/codemirror/show-hint.js' -> 'mtp://UUI/Storage/curso2.0/www/lib/ckeditor/samples/toolbarconfigurator/lib/codemirror/show-hint.js'
2017-09-11 22:00:14: Copiar Nueva 'C:/Users/Walter Omar/Desktop/android/curso2.0/www/lib/ckeditor/skins/moono-lisa/dialog.css' -> 'mtp://UUI/Storage/curso2.0/www/lib/ckeditor/skins/moono-lisa/dialog.css'
2017-09-11 22:00:15: Copiar Nueva 'C:/Users/Walter Omar/Desktop/android/curso2.0/www/lib/ckeditor/skins/moono-lisa/dialog_ie.css' -> 'mtp://UUI/Storage/curso2.0/www/lib/ckeditor/skins/moono-lisa/dialog_ie.css'
2017-09-11 22:00:15: Copiar Nueva 'C:/Users/Walter Omar/Desktop/android/curso2.0/www/lib/ckeditor/skins/moono-lisa/dialog_ie8.css' -> 'mtp://UUI/Storage/curso2.0/www/lib/ckeditor/skins/moono-lisa/dialog_ie8.css'
2017-09-11 22:00:16: Copiar Nueva 'C:/Users/Walter Omar/Desktop/android/curso2.0/www/lib/ckeditor/skins/moono-lisa/dialog_iequirks.css' -> 'mtp://UUI/Storage/curso2.0/www/lib/ckeditor/skins/moono-lisa/dialog_iequirks.css'
2017-09-11 22:00:17: Copiar Nueva 'C:/Users/Walter Omar/Desktop/android/curso2.0/www/lib/ckeditor/skins/moono-lisa/editor.css' -> 'mtp://UUI/Storage/curso2.0/www/lib/ckeditor/skins/moono-lisa/editor.css'
2017-09-11 22:00:18: Copiar Nueva 'C:/Users/Walter Omar/Desktop/android/curso2.0/www/lib/ckeditor/skins/moono-lisa/editor_gecko.css' -> 'mtp://UUI/Storage/curso2.0/www/lib/ckeditor/skins/moono-lisa/editor_gecko.css'
2017-09-11 22:00:18: Copiar Nueva 'C:/Users/Walter Omar/Desktop/android/curso2.0/www/lib/ckeditor/skins/moono-lisa/editor_ie.css' -> 'mtp://UUI/Storage/curso2.0/www/lib/ckeditor/skins/moono-lisa/editor_ie.css'
2017-09-11 22:00:19: Copiar Nueva 'C:/Users/Walter Omar/Desktop/android/curso2.0/www/lib/ckeditor/skins/moono-lisa/editor_ie8.css' -> 'mtp://UUI/Storage/curso2.0/www/lib/ckeditor/skins/moono-lisa/editor_ie8.css'
2017-09-11 22:00:20: Copiar Nueva 'C:/Users/Walter Omar/Desktop/android/curso2.0/www/lib/ckeditor/skins/moono-lisa/editor_iequirks.css' -> 'mtp://UUI/Storage/curso2.0/www/lib/ckeditor/skins/moono-lisa/editor_iequirks.css'
2017-09-11 22:00:21: Copiar Nueva 'C:/Users/Walter Omar/Desktop/android/curso2.0/www/lib/ckeditor/skins/moono-lisa/icons.png' -> 'mtp://UUI/Storage/curso2.0/www/lib/ckeditor/skins/moono-lisa/icons.png'
2017-09-11 22:00:22: Copiar Nueva 'C:/Users/Walter Omar/Desktop/android/curso2.0/www/lib/ckeditor/skins/moono-lisa/icons_hidpi.png' -> 'mtp://UUI/Storage/curso2.0/www/lib/ckeditor/skins/moono-lisa/icons_hidpi.png'
2017-09-11 22:00:23: Copiar Nueva 'C:/Users/Walter Omar/Desktop/android/curso2.0/www/lib/ckeditor/skins/moono-lisa/images/arrow.png' -> 'mtp://UUI/Storage/curso2.0/www/lib/ckeditor/skins/moono-lisa/images/arrow.png'
2017-09-11 22:00:24: Copiar Nueva 'C:/Users/Walter Omar/Desktop/android/curso2.0/www/lib/ckeditor/skins/moono-lisa/images/close.png' -> 'mtp://UUI/Storage/curso2.0/www/lib/ckeditor/skins/moono-lisa/images/close.png'
2017-09-11 22:00:25: Copiar Nueva 'C:/Users/Walter Omar/Desktop/android/curso2.0/www/lib/ckeditor/skins/moono-lisa/images/hidpi/close.png' -> 'mtp://UUI/Storage/curso2.0/www/lib/ckeditor/skins/moono-lisa/images/hidpi/close.png'
2017-09-11 22:00:26: Copiar Nueva 'C:/Users/Walter Omar/Desktop/android/curso2.0/www/lib/ckeditor/skins/moono-lisa/images/hidpi/lock-open.png' -> 'mtp://UUI/Storage/curso2.0/www/lib/ckeditor/skins/moono-lisa/images/hidpi/lock-open.png'
2017-09-11 22:00:27: Copiar Nueva 'C:/Users/Walter Omar/Desktop/android/curso2.0/www/lib/ckeditor/skins/moono-lisa/images/hidpi/lock.png' -> 'mtp://UUI/Storage/curso2.0/www/lib/ckeditor/skins/moono-lisa/images/hidpi/lock.png'
2017-09-11 22:00:28: Copiar Nueva 'C:/Users/Walter Omar/Desktop/android/curso2.0/www/lib/ckeditor/skins/moono-lisa/images/hidpi/refresh.png' -> 'mtp://UUI/Storage/curso2.0/www/lib/ckeditor/skins/moono-lisa/images/hidpi/refresh.png'
2017-09-11 22:00:29: Copiar Nueva 'C:/Users/Walter Omar/Desktop/android/curso2.0/www/lib/ckeditor/skins/moono-lisa/images/lock-open.png' -> 'mtp://UUI/Storage/curso2.0/www/lib/ckeditor/skins/moono-lisa/images/lock-open.png'
2017-09-11 22:00:30: Copiar Nueva 'C:/Users/Walter Omar/Desktop/android/curso2.0/www/lib/ckeditor/skins/moono-lisa/images/lock.png' -> 'mtp://UUI/Storage/curso2.0/www/lib/ckeditor/skins/moono-lisa/images/lock.png'
2017-09-11 22:00:31: Copiar Nueva 'C:/Users/Walter Omar/Desktop/android/curso2.0/www/lib/ckeditor/skins/moono-lisa/images/refresh.png' -> 'mtp://UUI/Storage/curso2.0/www/lib/ckeditor/skins/moono-lisa/images/refresh.png'
2017-09-11 22:00:33: Copiar Nueva 'C:/Users/Walter Omar/Desktop/android/curso2.0/www/lib/ckeditor/skins/moono-lisa/images/spinner.gif' -> 'mtp://UUI/Storage/curso2.0/www/lib/ckeditor/skins/moono-lisa/images/spinner.gif'
2017-09-11 22:00:33: Copiar Nueva 'C:/Users/Walter Omar/Desktop/android/curso2.0/www/lib/ckeditor/skins/moono-lisa/readme.md' -> 'mtp://UUI/Storage/curso2.0/www/lib/ckeditor/skins/moono-lisa/readme.md'
2017-09-11 22:00:34: Copiar Nueva 'C:/Users/Walter Omar/Desktop/android/curso2.0/www/lib/ckeditor/styles.js' -> 'mtp://UUI/Storage/curso2.0/www/lib/ckeditor/styles.js'
2017-09-11 22:00:36: == Sinc. Completa. Tiempo: 00:03:06, Velocidad: 12.9 KB/s, OK: 217, Errores: 0
2017-09-11 22:00:37: 
