2017-09-09 05:21:40: File Monitoring not available on: mtp://UUI/Storage/curso2.0/www
2017-09-09 05:21:40: On File Change Monitoring started on file:///C:/Users/Walter Omar/Desktop/android/curso2.0/www
2017-09-09 05:21:41: -- An치lisis iniciado por On File Change First Full Analyze Upon File Monitoring Start
2017-09-09 05:21:45: /index.html: R:Body<>; Conflicto: Archivo Modificado en ambos lados
2017-09-09 05:21:45: An치lisis completado con Conflictos. Resuelva los Conflictos seleccionando la direcci칩n de sincronizaci칩n adecuada y luego haga clic para sincronizar
2017-09-09 05:21:45: Cambios: 11, Conflictos: 1, CopiaFecha: 0, CopiaEstado: 0, Errores: 0, All: 122
2017-09-09 05:21:45: Left to Right: Copy File: 9 Delete File: 1 
2017-09-09 05:21:46: == Sinc comenzada por On File Change First Full Analyze Upon File Monitoring Start
2017-09-09 05:21:46: Borrar Archivo 'C:/Users/Walter Omar/Desktop/android/curso2.0/www/js/jquery_1.5.2.min.js'
2017-09-09 05:21:46: Copiar Sobre 'mtp://UUI/Storage/curso2.0/www/css/styles.css' -> 'C:/Users/Walter Omar/Desktop/android/curso2.0/www/css/styles.css'
2017-09-09 05:21:47: Copiar Sobre 'mtp://UUI/Storage/curso2.0/www/funciones.php' -> 'C:/Users/Walter Omar/Desktop/android/curso2.0/www/funciones.php'
2017-09-09 05:21:48: Copiar Sobre 'mtp://UUI/Storage/curso2.0/www/include/base-curso-detalle-nuevo.html' -> 'C:/Users/Walter Omar/Desktop/android/curso2.0/www/include/base-curso-detalle-nuevo.html'
2017-09-09 05:21:48: Copiar Nueva 'mtp://UUI/Storage/curso2.0/www/include/base-curso-detalle-nuevotem.html' -> 'C:/Users/Walter Omar/Desktop/android/curso2.0/www/include/base-curso-detalle-nuevotem.html'
2017-09-09 05:21:49: Copiar Sobre 'mtp://UUI/Storage/curso2.0/www/include/base-inicio-notificacion.html' -> 'C:/Users/Walter Omar/Desktop/android/curso2.0/www/include/base-inicio-notificacion.html'
2017-09-09 05:21:49: /index.html: unresolved conflict results in No Copy
2017-09-09 05:21:50: Copiar Sobre 'mtp://UUI/Storage/curso2.0/www/js/base-inicio.js' -> 'C:/Users/Walter Omar/Desktop/android/curso2.0/www/js/base-inicio.js'
2017-09-09 05:21:51: Copiar Nueva 'mtp://UUI/Storage/curso2.0/www/js/base-modal.js' -> 'C:/Users/Walter Omar/Desktop/android/curso2.0/www/js/base-modal.js'
2017-09-09 05:21:52: Copiar Sobre 'mtp://UUI/Storage/curso2.0/www/js/my-app-text.js' -> 'C:/Users/Walter Omar/Desktop/android/curso2.0/www/js/my-app-text.js'
2017-09-09 05:21:53: Copiar Sobre 'mtp://UUI/Storage/curso2.0/www/js/my-script.js' -> 'C:/Users/Walter Omar/Desktop/android/curso2.0/www/js/my-script.js'
2017-09-09 05:21:55: == Sinc. Completa. Tiempo: 00:00:09, Velocidad: 10.7 KB/s, OK: 10, Errores: 0, Conflicts: 1
2017-09-09 05:21:56: 
