2017-09-07 17:06:05: -- Análisis iniciado por User Command
2017-09-07 17:06:07: /js/base-inicio.js: R:Body<>; Conflicto: Archivo Modificado en ambos lados
2017-09-07 17:06:07: Análisis completado con Conflictos. Resuelva los Conflictos seleccionando la dirección de sincronización adecuada y luego haga clic para sincronizar
2017-09-07 17:06:07: Cambios: 11, Conflictos: 1, CopiaFecha: 0, CopiaEstado: 108, Errores: 0, All: 120
2017-09-07 17:06:07: Left to Right: Copy File: 10 
2017-09-07 17:06:07: -- Análisis Completo. Tiempo 00:00:02, Velocidad: 60 archivo/s
2017-09-07 17:06:07: 
2017-09-07 17:06:11: == Sinc comenzada por User Command
2017-09-07 17:06:12: Copiar Sobre 'mtp://UUI/Storage/curso2.0/www/css/styles.css' -> 'C:/Users/Walter De Paz/Documents/curso 2.0/www/css/styles.css'
2017-09-07 17:06:12: Copiar Sobre 'mtp://UUI/Storage/curso2.0/www/include/base-curso-detalle-cronograma.html' -> 'C:/Users/Walter De Paz/Documents/curso 2.0/www/include/base-curso-detalle-cronograma.html'
2017-09-07 17:06:12: Copiar Sobre 'mtp://UUI/Storage/curso2.0/www/include/base-curso-detalle-nuevo.html' -> 'C:/Users/Walter De Paz/Documents/curso 2.0/www/include/base-curso-detalle-nuevo.html'
2017-09-07 17:06:12: Copiar Sobre 'mtp://UUI/Storage/curso2.0/www/include/base-curso-detalle-nuevotar.html' -> 'C:/Users/Walter De Paz/Documents/curso 2.0/www/include/base-curso-detalle-nuevotar.html'
2017-09-07 17:06:12: File Monitoring not available on: mtp://UUI/Storage/curso2.0/www
2017-09-07 17:06:12: 
2017-09-07 17:06:12: Detectado Conectado, Realiza Analizar
2017-09-07 17:06:12: Copiar Sobre 'mtp://UUI/Storage/curso2.0/www/include/base-curso-detalle-tareas.html' -> 'C:/Users/Walter De Paz/Documents/curso 2.0/www/include/base-curso-detalle-tareas.html'
2017-09-07 17:06:12: Copiar Sobre 'mtp://UUI/Storage/curso2.0/www/include/base-curso-detalle.html' -> 'C:/Users/Walter De Paz/Documents/curso 2.0/www/include/base-curso-detalle.html'
2017-09-07 17:06:13: Copiar Sobre 'mtp://UUI/Storage/curso2.0/www/include/base-curso-listado.html' -> 'C:/Users/Walter De Paz/Documents/curso 2.0/www/include/base-curso-listado.html'
2017-09-07 17:06:13: Copiar Sobre 'mtp://UUI/Storage/curso2.0/www/include/base-inicio.html' -> 'C:/Users/Walter De Paz/Documents/curso 2.0/www/include/base-inicio.html'
2017-09-07 17:06:13: /js/base-inicio.js: unresolved conflict results in No Copy
2017-09-07 17:06:13: Copiar Sobre 'mtp://UUI/Storage/curso2.0/www/js/my-curso-tarea.js' -> 'C:/Users/Walter De Paz/Documents/curso 2.0/www/js/my-curso-tarea.js'
2017-09-07 17:06:13: Copiar Sobre 'mtp://UUI/Storage/curso2.0/www/js/my-script.js' -> 'C:/Users/Walter De Paz/Documents/curso 2.0/www/js/my-script.js'
2017-09-07 17:06:19: == Sinc. Completa. Tiempo: 00:00:09, Velocidad: 162 KB/s, OK: 118, Errores: 0, Conflicts: 1
2017-09-07 17:06:19: 
